INFO: [VRFC 10-2263] Analyzing SystemVerilog file "/home/it/Samaher/rtl/alu.sv" into library xil_defaultlib
INFO: [VRFC 10-311] analyzing module alu
INFO: [VRFC 10-2263] Analyzing SystemVerilog file "/home/it/Samaher/rtl/alu_control.sv" into library xil_defaultlib
INFO: [VRFC 10-311] analyzing module alu_control
INFO: [VRFC 10-2263] Analyzing SystemVerilog file "/home/it/Samaher/rtl/branch_controller.sv" into library xil_defaultlib
INFO: [VRFC 10-311] analyzing module branch_controller
INFO: [VRFC 10-2263] Analyzing SystemVerilog file "/home/it/Samaher/rtl/control_unit.sv" into library xil_defaultlib
INFO: [VRFC 10-311] analyzing module control_unit
INFO: [VRFC 10-2263] Analyzing SystemVerilog file "/home/it/Samaher/rtl/data_mem.sv" into library xil_defaultlib
INFO: [VRFC 10-311] analyzing module data_mem
INFO: [VRFC 10-2263] Analyzing SystemVerilog file "/home/it/Samaher/rtl/data_path.sv" into library xil_defaultlib
INFO: [VRFC 10-311] analyzing module data_path
INFO: [VRFC 10-2263] Analyzing SystemVerilog file "/home/it/Samaher/rtl/imm_gen.sv" into library xil_defaultlib
INFO: [VRFC 10-311] analyzing module imm_gen
INFO: [VRFC 10-2263] Analyzing SystemVerilog file "/home/it/Samaher/rtl/inst_mem.sv" into library xil_defaultlib
INFO: [VRFC 10-311] analyzing module inst_mem
INFO: [VRFC 10-2263] Analyzing SystemVerilog file "/home/it/Samaher/rtl/main_control.sv" into library xil_defaultlib
INFO: [VRFC 10-311] analyzing module main_control
INFO: [VRFC 10-2263] Analyzing SystemVerilog file "/home/it/Samaher/rtl/program_counter.sv" into library xil_defaultlib
INFO: [VRFC 10-311] analyzing module program_counter
INFO: [VRFC 10-2263] Analyzing SystemVerilog file "/home/it/Samaher/rtl/reg_file.sv" into library xil_defaultlib
INFO: [VRFC 10-311] analyzing module reg_file
INFO: [VRFC 10-2263] Analyzing SystemVerilog file "/home/it/Samaher/rtl/rv32i_top.sv" into library xil_defaultlib
INFO: [VRFC 10-311] analyzing module rv32i_top
INFO: [VRFC 10-2263] Analyzing SystemVerilog file "/home/it/Samaher/tb/rv32i_top_tb.sv" into library xil_defaultlib
INFO: [VRFC 10-311] analyzing module rv32i_top_tb
